[21:52:17] [ServerMain/INFO]: [bootstrap] Running Java 21 (OpenJDK 64-Bit Server VM 21.0.9+10-Ubuntu-124.04; Ubuntu null) on Linux 6.8.0-1030-azure (amd64)
[21:52:17] [ServerMain/INFO]: [bootstrap] Loading Paper 1.21.10-117-ver/1.21.10@df4b668 (2025-11-30T22:37:28Z) for Minecraft 1.21.10
[21:52:17] [ServerMain/INFO]: [PluginInitializerManager] Initializing plugins...
[21:52:18] [ServerMain/INFO]: [PluginInitializerManager] Initialized 4 plugins
[21:52:18] [ServerMain/INFO]: [PluginInitializerManager] Bukkit plugins (4):
 - Geyser-Spigot (2.9.2-SNAPSHOT), ViaBackwards (5.7.0), ViaVersion (5.7.0), floodgate (2.2.5-SNAPSHOT (b125-a772911))
[21:52:23] [ServerMain/INFO]: Environment: Environment[sessionHost=https://sessionserver.mojang.com, servicesHost=https://api.minecraftservices.com, profilesHost=https://api.mojang.com, name=PROD]
[21:52:25] [ServerMain/INFO]: Loaded 1461 recipes
[21:52:25] [ServerMain/INFO]: Loaded 1574 advancements
[21:52:25] [ServerMain/INFO]: [ca.spottedleaf.dataconverter.minecraft.datatypes.MCTypeRegistry] Initialising converters for DataConverter...
[21:52:26] [ServerMain/INFO]: [ca.spottedleaf.dataconverter.minecraft.datatypes.MCTypeRegistry] Finished initialising converters for DataConverter in 351.3ms
[21:52:26] [Server thread/INFO]: Starting minecraft server version 1.21.10
[21:52:26] [Server thread/INFO]: Loading properties
[21:52:26] [Server thread/INFO]: This server is running Paper version 1.21.10-117-ver/1.21.10@df4b668 (2025-11-30T22:37:28Z) (Implementing API version 1.21.10-R0.1-SNAPSHOT)
[21:52:26] [Server thread/INFO]: [spark] This server bundles the spark profiler. For more information please visit https://docs.papermc.io/paper/profiling
[21:52:26] [Server thread/INFO]: Server Ping Player Sample Count: 12
[21:52:26] [Server thread/INFO]: Using 4 threads for Netty based IO
[21:52:27] [Server thread/INFO]: [MoonriseCommon] Paper is using 1 worker threads, 1 I/O threads
[21:52:27] [Server thread/INFO]: Default game type: SURVIVAL
[21:52:27] [Server thread/INFO]: Generating keypair
[21:52:27] [Server thread/INFO]: Starting Minecraft server on *:25565
[21:52:27] [Server thread/INFO]: Using epoll channel type
[21:52:27] [Server thread/INFO]: Paper: Using libdeflate (Linux x86_64) compression from Velocity.
[21:52:27] [Server thread/INFO]: Paper: Using OpenSSL 3.x.x (Linux x86_64) cipher from Velocity.
[21:52:28] [Server thread/INFO]: [ViaVersion] Loading server plugin ViaVersion v5.7.0
[21:52:28] [Server thread/INFO]: [ViaVersion] ViaVersion 5.7.0 is now loaded. Registering protocol transformers and injecting...
[21:52:28] [Via-Mappingloader-1/INFO]: [ViaVersion] Loading block connection mappings ...
[21:52:29] [Via-Mappingloader-1/INFO]: [ViaVersion] Using FastUtil Long2ObjectOpenHashMap for block connections
[21:52:29] [Server thread/INFO]: [ViaBackwards] Loading translations...
[21:52:29] [Server thread/INFO]: [ViaBackwards] Registering protocols...
[21:52:30] [Server thread/INFO]: [floodgate] Loading server plugin floodgate v2.2.5-SNAPSHOT (b125-a772911)
[21:52:30] [Server thread/WARN]: [floodgate] en_ is not a supported Floodgate language.
[21:52:30] [Server thread/INFO]: [floodgate] Took 578ms to boot Floodgate
[21:52:30] [Server thread/INFO]: [ViaBackwards] Loading server plugin ViaBackwards v5.7.0
[21:52:30] [Server thread/INFO]: [Geyser-Spigot] Loading server plugin Geyser-Spigot v2.9.2-SNAPSHOT
[21:52:31] [Server thread/INFO]: [Geyser-Spigot] Loading extensions...
[21:52:31] [Server thread/INFO]: [Geyser-Spigot] Loaded 0 extension(s)
[21:52:31] [Server thread/INFO]: Server permissions file permissions.yml is empty, ignoring it
[21:52:31] [Server thread/WARN]: **** SERVER IS RUNNING IN OFFLINE/INSECURE MODE!
[21:52:31] [Server thread/WARN]: The server will make no attempt to authenticate usernames. Beware.
[21:52:31] [Server thread/WARN]: While this makes the game possible to play without internet access, it also opens up the ability for hackers to connect with any username they choose.
[21:52:31] [Server thread/WARN]: To change this, set "online-mode" to "true" in the server.properties file.
[21:52:31] [Server thread/INFO]: Preparing level "world"
[21:52:31] [Server thread/INFO]: Loading 0 persistent chunks for world 'minecraft:overworld'...
[21:52:31] [Server thread/INFO]: Preparing spawn area: 100%
[21:52:31] [Server thread/INFO]: Prepared spawn area in 1 ms
[21:52:31] [Server thread/INFO]: Loading 0 persistent chunks for world 'minecraft:the_nether'...
[21:52:31] [Server thread/INFO]: Preparing spawn area: 100%
[21:52:31] [Server thread/INFO]: Prepared spawn area in 5 ms
[21:52:31] [Server thread/INFO]: Loading 0 persistent chunks for world 'minecraft:the_end'...
[21:52:31] [Server thread/INFO]: Prepared spawn area in 0 ms
[21:52:31] [Server thread/INFO]: Done preparing level "world" (0.485s)
[21:52:31] [Server thread/INFO]: [ViaVersion] Enabling ViaVersion v5.7.0
[21:52:31] [Server thread/INFO]: [ViaVersion] ViaVersion detected server version: 1.21.9-1.21.10 (773)
[21:52:31] [Server thread/INFO]: [floodgate] Enabling floodgate v2.2.5-SNAPSHOT (b125-a772911)
[21:52:32] [Server thread/INFO]: [ViaBackwards] Enabling ViaBackwards v5.7.0
[21:52:32] [Server thread/INFO]: [Geyser-Spigot] Enabling Geyser-Spigot v2.9.2-SNAPSHOT
[21:52:33] [Server thread/INFO]: [spark] Starting background profiler...
[21:52:34] [Server thread/INFO]: [Geyser-Spigot] ******************************************
[21:52:34] [Server thread/INFO]: [Geyser-Spigot] 
[21:52:34] [Server thread/INFO]: [Geyser-Spigot] Loading Geyser version 2.9.2-b1015 (git-master-3332528)
[21:52:34] [Server thread/INFO]: [Geyser-Spigot] 
[21:52:34] [Server thread/INFO]: [Geyser-Spigot] ******************************************
[21:52:37] [GeyserServer-3-1/INFO]: [Geyser-Spigot] Started Geyser on UDP port 41657
[21:52:37] [Server thread/INFO]: [Geyser-Spigot] Done (3.638s)! Run /geyser help for help!
[21:52:38] [Server thread/INFO]: Running delayed init tasks
[21:52:38] [Server thread/INFO]: Done (21.155s)! For help, type "help"
[21:52:38] [Craft Scheduler Thread - 2 - ViaVersion/INFO]: [ViaVersion] Finished mapping loading, shutting down loader executor.
